<?xml version="1.0" encoding="UTF-8"?>
<testng-results ignored="0" total="1" passed="1" failed="0" skipped="0">
  <reporter-output>
  </reporter-output>
  <suite started-at="2023-08-05T00:39:09 IST" name="Default suite" finished-at="2023-08-05T00:40:02 IST" duration-ms="53242">
    <groups>
    </groups>
    <test started-at="2023-08-05T00:39:09 IST" name="Default test" finished-at="2023-08-05T00:40:02 IST" duration-ms="53242">
      <class name="TestCases.SDFC_Loyalty_TestCases">
        <test-method is-config="true" signature="setup()[pri:0, instance:TestCases.SDFC_Loyalty_TestCases@f0da945]" started-at="2023-08-05T00:39:09 IST" name="setup" finished-at="2023-08-05T00:39:13 IST" duration-ms="4465" status="PASS">
          <reporter-output>
          </reporter-output>
        </test-method> <!-- setup -->
        <test-method signature="User_Registration()[pri:0, instance:TestCases.SDFC_Loyalty_TestCases@f0da945]" started-at="2023-08-05T00:39:13 IST" name="User_Registration" finished-at="2023-08-05T00:40:02 IST" duration-ms="48734" status="PASS">
          <reporter-output>
          </reporter-output>
        </test-method> <!-- User_Registration -->
      </class> <!-- TestCases.SDFC_Loyalty_TestCases -->
    </test> <!-- Default test -->
  </suite> <!-- Default suite -->
</testng-results>
